In file included from /home/taste/Desktop/Thesis/work/build/node1/msp430fr5969_partition/transport.h:6,
                 from /home/taste/Desktop/Thesis/work/build/node1/msp430fr5969_partition/msp430fr5969_partition_interface.c:8:
/home/taste/Desktop/Thesis/work/dataview/C/dataview-uniq.h:598:9: warning: struct has no members [-Wpedantic]
 typedef struct {
         ^~~~~~
/home/taste/Desktop/Thesis/work/build/node1/msp430fr5969_partition/msp430fr5969_partition_interface.c: In function 'vm_st19eventaction_eventactiontc05':
/home/taste/Desktop/Thesis/work/build/node1/msp430fr5969_partition/msp430fr5969_partition_interface.c:145:5: warning: implicit declaration of function 'deliver_to_ST05EventReport_EventActionTC05'; did you mean 'deliver_to_st05eventreport_EventActionTC05'? [-Wimplicit-function-declaration]
     deliver_to_ST05EventReport_EventActionTC05(&request);
     ^~~~~~~~~~~~~~~~~~~~~~~~~~~~~~~~~~~~~~~~~~
     deliver_to_st05eventreport_EventActionTC05
/home/taste/Desktop/Thesis/work/build/node1/msp430fr5969_partition/msp430fr5969_partition_interface.c: In function 'vm_st19eventaction_eventactiontc08':
/home/taste/Desktop/Thesis/work/build/node1/msp430fr5969_partition/msp430fr5969_partition_interface.c:162:5: warning: implicit declaration of function 'deliver_to_ST08FunctionManagement_EventActionTC08'; did you mean 'deliver_to_st08functionmanagement_EventActionTC08'? [-Wimplicit-function-declaration]
     deliver_to_ST08FunctionManagement_EventActionTC08(&request);
     ^~~~~~~~~~~~~~~~~~~~~~~~~~~~~~~~~~~~~~~~~~~~~~~~~
     deliver_to_st08functionmanagement_EventActionTC08
/home/taste/Desktop/Thesis/work/build/node1/msp430fr5969_partition/msp430fr5969_partition_interface.c: In function 'vm_st19eventaction_eventactiontc11':
/home/taste/Desktop/Thesis/work/build/node1/msp430fr5969_partition/msp430fr5969_partition_interface.c:179:5: warning: implicit declaration of function 'deliver_to_ST11TimeBasedScheduling_EventActionTC11'; did you mean 'deliver_to_st11timebasedscheduling_EventActionTC11'? [-Wimplicit-function-declaration]
     deliver_to_ST11TimeBasedScheduling_EventActionTC11(&request);
     ^~~~~~~~~~~~~~~~~~~~~~~~~~~~~~~~~~~~~~~~~~~~~~~~~~
     deliver_to_st11timebasedscheduling_EventActionTC11
/home/taste/Desktop/Thesis/work/build/node1/msp430fr5969_partition/msp430fr5969_partition_interface.c: In function 'vm_st19eventaction_eventactiontc20':
/home/taste/Desktop/Thesis/work/build/node1/msp430fr5969_partition/msp430fr5969_partition_interface.c:196:5: warning: implicit declaration of function 'deliver_to_ST20ParameterService_EventActionTC20'; did you mean 'deliver_to_st20parameterservice_EventActionTC20'? [-Wimplicit-function-declaration]
     deliver_to_ST20ParameterService_EventActionTC20(&request);
     ^~~~~~~~~~~~~~~~~~~~~~~~~~~~~~~~~~~~~~~~~~~~~~~
     deliver_to_st20parameterservice_EventActionTC20
/home/taste/Desktop/Thesis/work/build/node1/msp430fr5969_partition/msp430fr5969_partition_interface.c: In function 'vm_tc_handler_tc05':
/home/taste/Desktop/Thesis/work/build/node1/msp430fr5969_partition/msp430fr5969_partition_interface.c:275:5: warning: implicit declaration of function 'deliver_to_ST05EventReport_TC05'; did you mean 'deliver_to_st05eventreport_TC05'? [-Wimplicit-function-declaration]
     deliver_to_ST05EventReport_TC05(&request);
     ^~~~~~~~~~~~~~~~~~~~~~~~~~~~~~~
     deliver_to_st05eventreport_TC05
/home/taste/Desktop/Thesis/work/build/node1/msp430fr5969_partition/msp430fr5969_partition_interface.c: In function 'vm_tc_handler_tc08':
/home/taste/Desktop/Thesis/work/build/node1/msp430fr5969_partition/msp430fr5969_partition_interface.c:292:5: warning: implicit declaration of function 'deliver_to_ST08FunctionManagement_TC08'; did you mean 'deliver_to_st08functionmanagement_TC08'? [-Wimplicit-function-declaration]
     deliver_to_ST08FunctionManagement_TC08(&request);
     ^~~~~~~~~~~~~~~~~~~~~~~~~~~~~~~~~~~~~~
     deliver_to_st08functionmanagement_TC08
/home/taste/Desktop/Thesis/work/build/node1/msp430fr5969_partition/msp430fr5969_partition_interface.c: In function 'vm_tc_handler_tc11':
/home/taste/Desktop/Thesis/work/build/node1/msp430fr5969_partition/msp430fr5969_partition_interface.c:309:5: warning: implicit declaration of function 'deliver_to_ST11TimeBasedScheduling_TC11'; did you mean 'deliver_to_st11timebasedscheduling_TC11'? [-Wimplicit-function-declaration]
     deliver_to_ST11TimeBasedScheduling_TC11(&request);
     ^~~~~~~~~~~~~~~~~~~~~~~~~~~~~~~~~~~~~~~
     deliver_to_st11timebasedscheduling_TC11
/home/taste/Desktop/Thesis/work/build/node1/msp430fr5969_partition/msp430fr5969_partition_interface.c: In function 'vm_tc_handler_tc19':
/home/taste/Desktop/Thesis/work/build/node1/msp430fr5969_partition/msp430fr5969_partition_interface.c:326:5: warning: implicit declaration of function 'deliver_to_ST19EventAction_TC19'; did you mean 'deliver_to_st19eventaction_TC19'? [-Wimplicit-function-declaration]
     deliver_to_ST19EventAction_TC19(&request);
     ^~~~~~~~~~~~~~~~~~~~~~~~~~~~~~~
     deliver_to_st19eventaction_TC19
/home/taste/Desktop/Thesis/work/build/node1/msp430fr5969_partition/msp430fr5969_partition_interface.c: In function 'vm_tc_handler_tc20':
/home/taste/Desktop/Thesis/work/build/node1/msp430fr5969_partition/msp430fr5969_partition_interface.c:343:5: warning: implicit declaration of function 'deliver_to_ST20ParameterService_TC20'; did you mean 'deliver_to_st20parameterservice_TC20'? [-Wimplicit-function-declaration]
     deliver_to_ST20ParameterService_TC20(&request);
     ^~~~~~~~~~~~~~~~~~~~~~~~~~~~~~~~~~~~
     deliver_to_st20parameterservice_TC20
